[INFO] Scanning for projects...
[INFO] 
[INFO] -------------------< com.smartwallet:wallet-service >-------------------
[INFO] Building wallet-service 0.0.1-SNAPSHOT
[INFO]   from pom.xml
[INFO] --------------------------------[ jar ]---------------------------------
[INFO] 
[INFO] --- clean:3.5.0:clean (default-clean) @ wallet-service ---
[INFO] Deleting D:\hcl mock hackathon\backend\wallet-service\target
[INFO] 
[INFO] --- resources:3.3.1:resources (default-resources) @ wallet-service ---
[INFO] Copying 2 resources from src\main\resources to target\classes
[INFO] Copying 0 resource from src\main\resources to target\classes
[INFO] 
[INFO] --- compiler:3.14.1:compile (default-compile) @ wallet-service ---
[INFO] Recompiling the module because of changed source code.
[INFO] Compiling 5 source files with javac [debug parameters release 17] to target\classes
[INFO] -------------------------------------------------------------
[ERROR] COMPILATION ERROR : 
[INFO] -------------------------------------------------------------
[ERROR] /D:/hcl mock hackathon/backend/wallet-service/src/main/java/com/smartwallet/walletservice/entity/Wallet.java:[4,14] package lombok does not exist
[ERROR] /D:/hcl mock hackathon/backend/wallet-service/src/main/java/com/smartwallet/walletservice/entity/Wallet.java:[10,2] cannot find symbol
  symbol: class Data
[ERROR] /D:/hcl mock hackathon/backend/wallet-service/src/main/java/com/smartwallet/walletservice/service/WalletService.java:[20,22] cannot find symbol
  symbol:   method setUserId(java.lang.Long)
  location: variable newWallet of type com.smartwallet.walletservice.entity.Wallet
[ERROR] /D:/hcl mock hackathon/backend/wallet-service/src/main/java/com/smartwallet/walletservice/service/WalletService.java:[28,33] cannot find symbol
  symbol:   method getBalance()
  location: variable wallet of type com.smartwallet.walletservice.entity.Wallet
[ERROR] /D:/hcl mock hackathon/backend/wallet-service/src/main/java/com/smartwallet/walletservice/service/WalletService.java:[35,19] cannot find symbol
  symbol:   method getBalance()
  location: variable wallet of type com.smartwallet.walletservice.entity.Wallet
[ERROR] /D:/hcl mock hackathon/backend/wallet-service/src/main/java/com/smartwallet/walletservice/service/WalletService.java:[38,33] cannot find symbol
  symbol:   method getBalance()
  location: variable wallet of type com.smartwallet.walletservice.entity.Wallet
[INFO] 6 errors 
[INFO] -------------------------------------------------------------
[INFO] ------------------------------------------------------------------------
[INFO] BUILD FAILURE
[INFO] ------------------------------------------------------------------------
[INFO] Total time:  2.106 s
[INFO] Finished at: 2026-03-27T12:27:55+05:30
[INFO] ------------------------------------------------------------------------
[ERROR] Failed to execute goal org.apache.maven.plugins:maven-compiler-plugin:3.14.1:compile (default-compile) on project wallet-service: Compilation failure: Compilation failure: 
[ERROR] /D:/hcl mock hackathon/backend/wallet-service/src/main/java/com/smartwallet/walletservice/entity/Wallet.java:[4,14] package lombok does not exist
[ERROR] /D:/hcl mock hackathon/backend/wallet-service/src/main/java/com/smartwallet/walletservice/entity/Wallet.java:[10,2] cannot find symbol
[ERROR]   symbol: class Data
[ERROR] /D:/hcl mock hackathon/backend/wallet-service/src/main/java/com/smartwallet/walletservice/service/WalletService.java:[20,22] cannot find symbol
[ERROR]   symbol:   method setUserId(java.lang.Long)
[ERROR]   location: variable newWallet of type com.smartwallet.walletservice.entity.Wallet
[ERROR] /D:/hcl mock hackathon/backend/wallet-service/src/main/java/com/smartwallet/walletservice/service/WalletService.java:[28,33] cannot find symbol
[ERROR]   symbol:   method getBalance()
[ERROR]   location: variable wallet of type com.smartwallet.walletservice.entity.Wallet
[ERROR] /D:/hcl mock hackathon/backend/wallet-service/src/main/java/com/smartwallet/walletservice/service/WalletService.java:[35,19] cannot find symbol
[ERROR]   symbol:   method getBalance()
[ERROR]   location: variable wallet of type com.smartwallet.walletservice.entity.Wallet
[ERROR] /D:/hcl mock hackathon/backend/wallet-service/src/main/java/com/smartwallet/walletservice/service/WalletService.java:[38,33] cannot find symbol
[ERROR]   symbol:   method getBalance()
[ERROR]   location: variable wallet of type com.smartwallet.walletservice.entity.Wallet
[ERROR] -> [Help 1]
[ERROR] 
[ERROR] To see the full stack trace of the errors, re-run Maven with the -e switch.
[ERROR] Re-run Maven using the -X switch to enable full debug logging.
[ERROR] 
[ERROR] For more information about the errors and possible solutions, please read the following articles:
[ERROR] [Help 1] http://cwiki.apache.org/confluence/display/MAVEN/MojoFailureException
