[INFO] Scanning for projects...
[INFO] 
[INFO] ----------------< com.smartwallet:transaction-service >-----------------
[INFO] Building transaction-service 0.0.1-SNAPSHOT
[INFO]   from pom.xml
[INFO] --------------------------------[ jar ]---------------------------------
[INFO] 
[INFO] --- clean:3.5.0:clean (default-clean) @ transaction-service ---
[INFO] Deleting D:\hcl mock hackathon\backend\transaction-service\target
[INFO] 
[INFO] --- resources:3.3.1:resources (default-resources) @ transaction-service ---
[INFO] Copying 2 resources from src\main\resources to target\classes
[INFO] Copying 0 resource from src\main\resources to target\classes
[INFO] 
[INFO] --- compiler:3.14.1:compile (default-compile) @ transaction-service ---
[INFO] Recompiling the module because of changed source code.
[INFO] Compiling 6 source files with javac [debug parameters release 17] to target\classes
[INFO] -------------------------------------------------------------
[ERROR] COMPILATION ERROR : 
[INFO] -------------------------------------------------------------
[ERROR] /D:/hcl mock hackathon/backend/transaction-service/src/main/java/com/smartwallet/transactionservice/entity/Transaction.java:[4,14] package lombok does not exist
[ERROR] /D:/hcl mock hackathon/backend/transaction-service/src/main/java/com/smartwallet/transactionservice/dto/TransactionRequest.java:[4,14] package lombok does not exist
[ERROR] /D:/hcl mock hackathon/backend/transaction-service/src/main/java/com/smartwallet/transactionservice/dto/TransactionRequest.java:[7,2] cannot find symbol
  symbol: class Data
[ERROR] /D:/hcl mock hackathon/backend/transaction-service/src/main/java/com/smartwallet/transactionservice/entity/Transaction.java:[10,2] cannot find symbol
  symbol: class Data
[ERROR] /D:/hcl mock hackathon/backend/transaction-service/src/main/java/com/smartwallet/transactionservice/service/TransactionService.java:[24,50] cannot find symbol
  symbol:   method getUserId()
  location: variable request of type com.smartwallet.transactionservice.dto.TransactionRequest
[ERROR] /D:/hcl mock hackathon/backend/transaction-service/src/main/java/com/smartwallet/transactionservice/service/TransactionService.java:[25,20] cannot find symbol
  symbol:   method getType()
  location: variable request of type com.smartwallet.transactionservice.dto.TransactionRequest
[ERROR] /D:/hcl mock hackathon/backend/transaction-service/src/main/java/com/smartwallet/transactionservice/service/TransactionService.java:[26,44] cannot find symbol
  symbol:   method getAmount()
  location: variable request of type com.smartwallet.transactionservice.dto.TransactionRequest
[ERROR] /D:/hcl mock hackathon/backend/transaction-service/src/main/java/com/smartwallet/transactionservice/service/TransactionService.java:[28,47] cannot find symbol
  symbol:   method getAmount()
  location: variable request of type com.smartwallet.transactionservice.dto.TransactionRequest
[ERROR] /D:/hcl mock hackathon/backend/transaction-service/src/main/java/com/smartwallet/transactionservice/service/TransactionService.java:[41,29] cannot find symbol
  symbol:   method getUserId()
  location: variable request of type com.smartwallet.transactionservice.dto.TransactionRequest
[ERROR] /D:/hcl mock hackathon/backend/transaction-service/src/main/java/com/smartwallet/transactionservice/service/TransactionService.java:[42,29] cannot find symbol
  symbol:   method getAmount()
  location: variable request of type com.smartwallet.transactionservice.dto.TransactionRequest
[ERROR] /D:/hcl mock hackathon/backend/transaction-service/src/main/java/com/smartwallet/transactionservice/service/TransactionService.java:[43,27] cannot find symbol
  symbol:   method getType()
  location: variable request of type com.smartwallet.transactionservice.dto.TransactionRequest
[ERROR] /D:/hcl mock hackathon/backend/transaction-service/src/main/java/com/smartwallet/transactionservice/service/TransactionService.java:[44,31] cannot find symbol
  symbol:   method getCategory()
  location: variable request of type com.smartwallet.transactionservice.dto.TransactionRequest
[INFO] 12 errors 
[INFO] -------------------------------------------------------------
[INFO] ------------------------------------------------------------------------
[INFO] BUILD FAILURE
[INFO] ------------------------------------------------------------------------
[INFO] Total time:  2.434 s
[INFO] Finished at: 2026-03-27T12:27:48+05:30
[INFO] ------------------------------------------------------------------------
[ERROR] Failed to execute goal org.apache.maven.plugins:maven-compiler-plugin:3.14.1:compile (default-compile) on project transaction-service: Compilation failure: Compilation failure: 
[ERROR] /D:/hcl mock hackathon/backend/transaction-service/src/main/java/com/smartwallet/transactionservice/entity/Transaction.java:[4,14] package lombok does not exist
[ERROR] /D:/hcl mock hackathon/backend/transaction-service/src/main/java/com/smartwallet/transactionservice/dto/TransactionRequest.java:[4,14] package lombok does not exist
[ERROR] /D:/hcl mock hackathon/backend/transaction-service/src/main/java/com/smartwallet/transactionservice/dto/TransactionRequest.java:[7,2] cannot find symbol
[ERROR]   symbol: class Data
[ERROR] /D:/hcl mock hackathon/backend/transaction-service/src/main/java/com/smartwallet/transactionservice/entity/Transaction.java:[10,2] cannot find symbol
[ERROR]   symbol: class Data
[ERROR] /D:/hcl mock hackathon/backend/transaction-service/src/main/java/com/smartwallet/transactionservice/service/TransactionService.java:[24,50] cannot find symbol
[ERROR]   symbol:   method getUserId()
[ERROR]   location: variable request of type com.smartwallet.transactionservice.dto.TransactionRequest
[ERROR] /D:/hcl mock hackathon/backend/transaction-service/src/main/java/com/smartwallet/transactionservice/service/TransactionService.java:[25,20] cannot find symbol
[ERROR]   symbol:   method getType()
[ERROR]   location: variable request of type com.smartwallet.transactionservice.dto.TransactionRequest
[ERROR] /D:/hcl mock hackathon/backend/transaction-service/src/main/java/com/smartwallet/transactionservice/service/TransactionService.java:[26,44] cannot find symbol
[ERROR]   symbol:   method getAmount()
[ERROR]   location: variable request of type com.smartwallet.transactionservice.dto.TransactionRequest
[ERROR] /D:/hcl mock hackathon/backend/transaction-service/src/main/java/com/smartwallet/transactionservice/service/TransactionService.java:[28,47] cannot find symbol
[ERROR]   symbol:   method getAmount()
[ERROR]   location: variable request of type com.smartwallet.transactionservice.dto.TransactionRequest
[ERROR] /D:/hcl mock hackathon/backend/transaction-service/src/main/java/com/smartwallet/transactionservice/service/TransactionService.java:[41,29] cannot find symbol
[ERROR]   symbol:   method getUserId()
[ERROR]   location: variable request of type com.smartwallet.transactionservice.dto.TransactionRequest
[ERROR] /D:/hcl mock hackathon/backend/transaction-service/src/main/java/com/smartwallet/transactionservice/service/TransactionService.java:[42,29] cannot find symbol
[ERROR]   symbol:   method getAmount()
[ERROR]   location: variable request of type com.smartwallet.transactionservice.dto.TransactionRequest
[ERROR] /D:/hcl mock hackathon/backend/transaction-service/src/main/java/com/smartwallet/transactionservice/service/TransactionService.java:[43,27] cannot find symbol
[ERROR]   symbol:   method getType()
[ERROR]   location: variable request of type com.smartwallet.transactionservice.dto.TransactionRequest
[ERROR] /D:/hcl mock hackathon/backend/transaction-service/src/main/java/com/smartwallet/transactionservice/service/TransactionService.java:[44,31] cannot find symbol
[ERROR]   symbol:   method getCategory()
[ERROR]   location: variable request of type com.smartwallet.transactionservice.dto.TransactionRequest
[ERROR] -> [Help 1]
[ERROR] 
[ERROR] To see the full stack trace of the errors, re-run Maven with the -e switch.
[ERROR] Re-run Maven using the -X switch to enable full debug logging.
[ERROR] 
[ERROR] For more information about the errors and possible solutions, please read the following articles:
[ERROR] [Help 1] http://cwiki.apache.org/confluence/display/MAVEN/MojoFailureException
