[INFO] Scanning for projects...
[INFO] 
[INFO] -----------------< com.smartwallet:analytics-service >------------------
[INFO] Building analytics-service 0.0.1-SNAPSHOT
[INFO]   from pom.xml
[INFO] --------------------------------[ jar ]---------------------------------
[INFO] 
[INFO] --- clean:3.5.0:clean (default-clean) @ analytics-service ---
[INFO] Deleting D:\hcl mock hackathon\backend\analytics-service\target
[INFO] 
[INFO] --- resources:3.3.1:resources (default-resources) @ analytics-service ---
[INFO] Copying 2 resources from src\main\resources to target\classes
[INFO] Copying 0 resource from src\main\resources to target\classes
[INFO] 
[INFO] --- compiler:3.14.1:compile (default-compile) @ analytics-service ---
[INFO] Recompiling the module because of changed source code.
[INFO] Compiling 5 source files with javac [debug parameters release 17] to target\classes
[INFO] -------------------------------------------------------------
[ERROR] COMPILATION ERROR : 
[INFO] -------------------------------------------------------------
[ERROR] /D:/hcl mock hackathon/backend/analytics-service/src/main/java/com/smartwallet/analyticsservice/entity/AnalyticsSnapshot.java:[4,14] package lombok does not exist
[ERROR] /D:/hcl mock hackathon/backend/analytics-service/src/main/java/com/smartwallet/analyticsservice/entity/AnalyticsSnapshot.java:[9,2] cannot find symbol
  symbol: class Data
[ERROR] /D:/hcl mock hackathon/backend/analytics-service/src/main/java/com/smartwallet/analyticsservice/service/AnalyticsService.java:[54,22] cannot find symbol
  symbol:   method setUserId(java.lang.Long)
  location: variable s of type com.smartwallet.analyticsservice.entity.AnalyticsSnapshot
[ERROR] /D:/hcl mock hackathon/backend/analytics-service/src/main/java/com/smartwallet/analyticsservice/service/AnalyticsService.java:[58,17] cannot find symbol
  symbol:   method setTotalIncome(double)
  location: variable snapshot of type com.smartwallet.analyticsservice.entity.AnalyticsSnapshot
[ERROR] /D:/hcl mock hackathon/backend/analytics-service/src/main/java/com/smartwallet/analyticsservice/service/AnalyticsService.java:[59,17] cannot find symbol
  symbol:   method setTotalExpense(double)
  location: variable snapshot of type com.smartwallet.analyticsservice.entity.AnalyticsSnapshot
[ERROR] /D:/hcl mock hackathon/backend/analytics-service/src/main/java/com/smartwallet/analyticsservice/service/AnalyticsService.java:[60,17] cannot find symbol
  symbol:   method setNetSavings(double)
  location: variable snapshot of type com.smartwallet.analyticsservice.entity.AnalyticsSnapshot
[ERROR] /D:/hcl mock hackathon/backend/analytics-service/src/main/java/com/smartwallet/analyticsservice/service/AnalyticsService.java:[65,44] cannot find symbol
  symbol:   method getId()
  location: variable snapshot of type com.smartwallet.analyticsservice.entity.AnalyticsSnapshot
[ERROR] /D:/hcl mock hackathon/backend/analytics-service/src/main/java/com/smartwallet/analyticsservice/service/AnalyticsService.java:[71,45] cannot find symbol
  symbol:   method getGeneratedAt()
  location: variable snapshot of type com.smartwallet.analyticsservice.entity.AnalyticsSnapshot
[INFO] 8 errors 
[INFO] -------------------------------------------------------------
[INFO] ------------------------------------------------------------------------
[INFO] BUILD FAILURE
[INFO] ------------------------------------------------------------------------
[INFO] Total time:  2.254 s
[INFO] Finished at: 2026-03-27T12:27:22+05:30
[INFO] ------------------------------------------------------------------------
[ERROR] Failed to execute goal org.apache.maven.plugins:maven-compiler-plugin:3.14.1:compile (default-compile) on project analytics-service: Compilation failure: Compilation failure: 
[ERROR] /D:/hcl mock hackathon/backend/analytics-service/src/main/java/com/smartwallet/analyticsservice/entity/AnalyticsSnapshot.java:[4,14] package lombok does not exist
[ERROR] /D:/hcl mock hackathon/backend/analytics-service/src/main/java/com/smartwallet/analyticsservice/entity/AnalyticsSnapshot.java:[9,2] cannot find symbol
[ERROR]   symbol: class Data
[ERROR] /D:/hcl mock hackathon/backend/analytics-service/src/main/java/com/smartwallet/analyticsservice/service/AnalyticsService.java:[54,22] cannot find symbol
[ERROR]   symbol:   method setUserId(java.lang.Long)
[ERROR]   location: variable s of type com.smartwallet.analyticsservice.entity.AnalyticsSnapshot
[ERROR] /D:/hcl mock hackathon/backend/analytics-service/src/main/java/com/smartwallet/analyticsservice/service/AnalyticsService.java:[58,17] cannot find symbol
[ERROR]   symbol:   method setTotalIncome(double)
[ERROR]   location: variable snapshot of type com.smartwallet.analyticsservice.entity.AnalyticsSnapshot
[ERROR] /D:/hcl mock hackathon/backend/analytics-service/src/main/java/com/smartwallet/analyticsservice/service/AnalyticsService.java:[59,17] cannot find symbol
[ERROR]   symbol:   method setTotalExpense(double)
[ERROR]   location: variable snapshot of type com.smartwallet.analyticsservice.entity.AnalyticsSnapshot
[ERROR] /D:/hcl mock hackathon/backend/analytics-service/src/main/java/com/smartwallet/analyticsservice/service/AnalyticsService.java:[60,17] cannot find symbol
[ERROR]   symbol:   method setNetSavings(double)
[ERROR]   location: variable snapshot of type com.smartwallet.analyticsservice.entity.AnalyticsSnapshot
[ERROR] /D:/hcl mock hackathon/backend/analytics-service/src/main/java/com/smartwallet/analyticsservice/service/AnalyticsService.java:[65,44] cannot find symbol
[ERROR]   symbol:   method getId()
[ERROR]   location: variable snapshot of type com.smartwallet.analyticsservice.entity.AnalyticsSnapshot
[ERROR] /D:/hcl mock hackathon/backend/analytics-service/src/main/java/com/smartwallet/analyticsservice/service/AnalyticsService.java:[71,45] cannot find symbol
[ERROR]   symbol:   method getGeneratedAt()
[ERROR]   location: variable snapshot of type com.smartwallet.analyticsservice.entity.AnalyticsSnapshot
[ERROR] -> [Help 1]
[ERROR] 
[ERROR] To see the full stack trace of the errors, re-run Maven with the -e switch.
[ERROR] Re-run Maven using the -X switch to enable full debug logging.
[ERROR] 
[ERROR] For more information about the errors and possible solutions, please read the following articles:
[ERROR] [Help 1] http://cwiki.apache.org/confluence/display/MAVEN/MojoFailureException
