[INFO] Scanning for projects...
[INFO] 
[INFO] --------------------< com.smartwallet:auth-service >--------------------
[INFO] Building auth-service 0.0.1-SNAPSHOT
[INFO]   from pom.xml
[INFO] --------------------------------[ jar ]---------------------------------
[INFO] 
[INFO] --- clean:3.5.0:clean (default-clean) @ auth-service ---
[INFO] Deleting D:\hcl mock hackathon\backend\auth-service\target
[INFO] 
[INFO] --- resources:3.3.1:resources (default-resources) @ auth-service ---
[INFO] Copying 2 resources from src\main\resources to target\classes
[INFO] Copying 0 resource from src\main\resources to target\classes
[INFO] 
[INFO] --- compiler:3.14.1:compile (default-compile) @ auth-service ---
[INFO] Recompiling the module because of changed source code.
[INFO] Compiling 7 source files with javac [debug parameters release 17] to target\classes
[INFO] -------------------------------------------------------------
[ERROR] COMPILATION ERROR : 
[INFO] -------------------------------------------------------------
[ERROR] /D:/hcl mock hackathon/backend/auth-service/src/main/java/com/smartwallet/authservice/dto/AuthRequest.java:[3,14] package lombok does not exist
[ERROR] /D:/hcl mock hackathon/backend/auth-service/src/main/java/com/smartwallet/authservice/dto/AuthRequest.java:[5,2] cannot find symbol
  symbol: class Data
[ERROR] /D:/hcl mock hackathon/backend/auth-service/src/main/java/com/smartwallet/authservice/entity/User.java:[4,14] package lombok does not exist
[ERROR] /D:/hcl mock hackathon/backend/auth-service/src/main/java/com/smartwallet/authservice/entity/User.java:[5,14] package lombok does not exist
[ERROR] /D:/hcl mock hackathon/backend/auth-service/src/main/java/com/smartwallet/authservice/entity/User.java:[6,14] package lombok does not exist
[ERROR] /D:/hcl mock hackathon/backend/auth-service/src/main/java/com/smartwallet/authservice/entity/User.java:[10,2] cannot find symbol
  symbol: class Data
[ERROR] /D:/hcl mock hackathon/backend/auth-service/src/main/java/com/smartwallet/authservice/entity/User.java:[11,2] cannot find symbol
  symbol: class NoArgsConstructor
[ERROR] /D:/hcl mock hackathon/backend/auth-service/src/main/java/com/smartwallet/authservice/entity/User.java:[12,2] cannot find symbol
  symbol: class AllArgsConstructor
[ERROR] /D:/hcl mock hackathon/backend/auth-service/src/main/java/com/smartwallet/authservice/dto/AuthResponse.java:[3,14] package lombok does not exist
[ERROR] /D:/hcl mock hackathon/backend/auth-service/src/main/java/com/smartwallet/authservice/dto/AuthResponse.java:[4,14] package lombok does not exist
[ERROR] /D:/hcl mock hackathon/backend/auth-service/src/main/java/com/smartwallet/authservice/dto/AuthResponse.java:[6,2] cannot find symbol
  symbol: class Data
[ERROR] /D:/hcl mock hackathon/backend/auth-service/src/main/java/com/smartwallet/authservice/dto/AuthResponse.java:[7,2] cannot find symbol
  symbol: class AllArgsConstructor
[ERROR] /D:/hcl mock hackathon/backend/auth-service/src/main/java/com/smartwallet/authservice/service/AuthService.java:[17,50] cannot find symbol
  symbol:   method getUsername()
  location: variable request of type com.smartwallet.authservice.dto.AuthRequest
[ERROR] /D:/hcl mock hackathon/backend/auth-service/src/main/java/com/smartwallet/authservice/service/AuthService.java:[18,47] cannot find symbol
  symbol:   method getEmail()
  location: variable request of type com.smartwallet.authservice.dto.AuthRequest
[ERROR] /D:/hcl mock hackathon/backend/auth-service/src/main/java/com/smartwallet/authservice/service/AuthService.java:[23,33] cannot find symbol
  symbol:   method getUsername()
  location: variable request of type com.smartwallet.authservice.dto.AuthRequest
[ERROR] /D:/hcl mock hackathon/backend/auth-service/src/main/java/com/smartwallet/authservice/service/AuthService.java:[24,30] cannot find symbol
  symbol:   method getEmail()
  location: variable request of type com.smartwallet.authservice.dto.AuthRequest
[ERROR] /D:/hcl mock hackathon/backend/auth-service/src/main/java/com/smartwallet/authservice/service/AuthService.java:[25,33] cannot find symbol
  symbol:   method getPassword()
  location: variable request of type com.smartwallet.authservice.dto.AuthRequest
[ERROR] /D:/hcl mock hackathon/backend/auth-service/src/main/java/com/smartwallet/authservice/service/AuthService.java:[28,80] cannot find symbol
  symbol:   method getUsername()
  location: variable savedUser of type com.smartwallet.authservice.entity.User
[ERROR] /D:/hcl mock hackathon/backend/auth-service/src/main/java/com/smartwallet/authservice/service/AuthService.java:[28,61] cannot find symbol
  symbol:   method getId()
  location: variable savedUser of type com.smartwallet.authservice.entity.User
[ERROR] /D:/hcl mock hackathon/backend/auth-service/src/main/java/com/smartwallet/authservice/service/AuthService.java:[32,53] cannot find symbol
  symbol:   method getUsername()
  location: variable request of type com.smartwallet.authservice.dto.AuthRequest
[ERROR] /D:/hcl mock hackathon/backend/auth-service/src/main/java/com/smartwallet/authservice/service/AuthService.java:[33,56] cannot find symbol
  symbol:   method getPassword()
  location: variable request of type com.smartwallet.authservice.dto.AuthRequest
[INFO] 21 errors 
[INFO] -------------------------------------------------------------
[INFO] ------------------------------------------------------------------------
[INFO] BUILD FAILURE
[INFO] ------------------------------------------------------------------------
[INFO] Total time:  2.177 s
[INFO] Finished at: 2026-03-27T12:27:41+05:30
[INFO] ------------------------------------------------------------------------
[ERROR] Failed to execute goal org.apache.maven.plugins:maven-compiler-plugin:3.14.1:compile (default-compile) on project auth-service: Compilation failure: Compilation failure: 
[ERROR] /D:/hcl mock hackathon/backend/auth-service/src/main/java/com/smartwallet/authservice/dto/AuthRequest.java:[3,14] package lombok does not exist
[ERROR] /D:/hcl mock hackathon/backend/auth-service/src/main/java/com/smartwallet/authservice/dto/AuthRequest.java:[5,2] cannot find symbol
[ERROR]   symbol: class Data
[ERROR] /D:/hcl mock hackathon/backend/auth-service/src/main/java/com/smartwallet/authservice/entity/User.java:[4,14] package lombok does not exist
[ERROR] /D:/hcl mock hackathon/backend/auth-service/src/main/java/com/smartwallet/authservice/entity/User.java:[5,14] package lombok does not exist
[ERROR] /D:/hcl mock hackathon/backend/auth-service/src/main/java/com/smartwallet/authservice/entity/User.java:[6,14] package lombok does not exist
[ERROR] /D:/hcl mock hackathon/backend/auth-service/src/main/java/com/smartwallet/authservice/entity/User.java:[10,2] cannot find symbol
[ERROR]   symbol: class Data
[ERROR] /D:/hcl mock hackathon/backend/auth-service/src/main/java/com/smartwallet/authservice/entity/User.java:[11,2] cannot find symbol
[ERROR]   symbol: class NoArgsConstructor
[ERROR] /D:/hcl mock hackathon/backend/auth-service/src/main/java/com/smartwallet/authservice/entity/User.java:[12,2] cannot find symbol
[ERROR]   symbol: class AllArgsConstructor
[ERROR] /D:/hcl mock hackathon/backend/auth-service/src/main/java/com/smartwallet/authservice/dto/AuthResponse.java:[3,14] package lombok does not exist
[ERROR] /D:/hcl mock hackathon/backend/auth-service/src/main/java/com/smartwallet/authservice/dto/AuthResponse.java:[4,14] package lombok does not exist
[ERROR] /D:/hcl mock hackathon/backend/auth-service/src/main/java/com/smartwallet/authservice/dto/AuthResponse.java:[6,2] cannot find symbol
[ERROR]   symbol: class Data
[ERROR] /D:/hcl mock hackathon/backend/auth-service/src/main/java/com/smartwallet/authservice/dto/AuthResponse.java:[7,2] cannot find symbol
[ERROR]   symbol: class AllArgsConstructor
[ERROR] /D:/hcl mock hackathon/backend/auth-service/src/main/java/com/smartwallet/authservice/service/AuthService.java:[17,50] cannot find symbol
[ERROR]   symbol:   method getUsername()
[ERROR]   location: variable request of type com.smartwallet.authservice.dto.AuthRequest
[ERROR] /D:/hcl mock hackathon/backend/auth-service/src/main/java/com/smartwallet/authservice/service/AuthService.java:[18,47] cannot find symbol
[ERROR]   symbol:   method getEmail()
[ERROR]   location: variable request of type com.smartwallet.authservice.dto.AuthRequest
[ERROR] /D:/hcl mock hackathon/backend/auth-service/src/main/java/com/smartwallet/authservice/service/AuthService.java:[23,33] cannot find symbol
[ERROR]   symbol:   method getUsername()
[ERROR]   location: variable request of type com.smartwallet.authservice.dto.AuthRequest
[ERROR] /D:/hcl mock hackathon/backend/auth-service/src/main/java/com/smartwallet/authservice/service/AuthService.java:[24,30] cannot find symbol
[ERROR]   symbol:   method getEmail()
[ERROR]   location: variable request of type com.smartwallet.authservice.dto.AuthRequest
[ERROR] /D:/hcl mock hackathon/backend/auth-service/src/main/java/com/smartwallet/authservice/service/AuthService.java:[25,33] cannot find symbol
[ERROR]   symbol:   method getPassword()
[ERROR]   location: variable request of type com.smartwallet.authservice.dto.AuthRequest
[ERROR] /D:/hcl mock hackathon/backend/auth-service/src/main/java/com/smartwallet/authservice/service/AuthService.java:[28,80] cannot find symbol
[ERROR]   symbol:   method getUsername()
[ERROR]   location: variable savedUser of type com.smartwallet.authservice.entity.User
[ERROR] /D:/hcl mock hackathon/backend/auth-service/src/main/java/com/smartwallet/authservice/service/AuthService.java:[28,61] cannot find symbol
[ERROR]   symbol:   method getId()
[ERROR]   location: variable savedUser of type com.smartwallet.authservice.entity.User
[ERROR] /D:/hcl mock hackathon/backend/auth-service/src/main/java/com/smartwallet/authservice/service/AuthService.java:[32,53] cannot find symbol
[ERROR]   symbol:   method getUsername()
[ERROR]   location: variable request of type com.smartwallet.authservice.dto.AuthRequest
[ERROR] /D:/hcl mock hackathon/backend/auth-service/src/main/java/com/smartwallet/authservice/service/AuthService.java:[33,56] cannot find symbol
[ERROR]   symbol:   method getPassword()
[ERROR]   location: variable request of type com.smartwallet.authservice.dto.AuthRequest
[ERROR] -> [Help 1]
[ERROR] 
[ERROR] To see the full stack trace of the errors, re-run Maven with the -e switch.
[ERROR] Re-run Maven using the -X switch to enable full debug logging.
[ERROR] 
[ERROR] For more information about the errors and possible solutions, please read the following articles:
[ERROR] [Help 1] http://cwiki.apache.org/confluence/display/MAVEN/MojoFailureException
